outros/TodoList/app/build/intermediates/manifest_merge_blame_file/debug/manifest-merger-blame-debug-report.txt
1<?xml version="1.0" encoding="utf-8"?>
2<manifest xmlns:android="http://schemas.android.com/apk/res/android"
3    package="com.example.todolist"
4    android:versionCode="1"
5    android:versionName="1.0" >
6
7    <uses-sdk
8        android:minSdkVersion="23"
8-->src/main/AndroidManifest.xml
9        android:targetSdkVersion="32" />
9-->src/main/AndroidManifest.xml
10
11    <application
11-->src/main/AndroidManifest.xml:5:5-22:19
12        android:name="com.example.todolist.TodoApplication"
12-->src/main/AndroidManifest.xml:6:9-40
13        android:allowBackup="true"
13-->src/main/AndroidManifest.xml:7:9-35
14        android:appComponentFactory="androidx.core.app.CoreComponentFactory"
14-->[androidx.core:core:1.7.0] AndroidManifest.xml:24:18-86
15        android:debuggable="true"
16        android:extractNativeLibs="false"
17        android:icon="@mipmap/ic_launcher"
17-->src/main/AndroidManifest.xml:8:9-43
18        android:label="@string/app_name"
18-->src/main/AndroidManifest.xml:9:9-41
19        android:roundIcon="@mipmap/ic_launcher_round"
19-->src/main/AndroidManifest.xml:10:9-54
20        android:supportsRtl="true"
20-->src/main/AndroidManifest.xml:11:9-35
21        android:testOnly="true"
22        android:theme="@style/Theme.ToDoList" >
22-->src/main/AndroidManifest.xml:12:9-46
23        <activity
23-->src/main/AndroidManifest.xml:13:9-21:20
24            android:name="com.example.todolist.ui.MainActivity"
24-->src/main/AndroidManifest.xml:14:13-44
25            android:exported="true" >
25-->src/main/AndroidManifest.xml:15:13-36
26            <intent-filter>
26-->src/main/AndroidManifest.xml:16:13-20:29
27                <action android:name="android.intent.action.MAIN" />
27-->src/main/AndroidManifest.xml:17:17-69
27-->src/main/AndroidManifest.xml:17:25-66
28
29                <category android:name="android.intent.category.LAUNCHER" />
29-->src/main/AndroidManifest.xml:19:17-77
29-->src/main/AndroidManifest.xml:19:27-74
30            </intent-filter>
31        </activity>
32
33        <uses-library
33-->[androidx.window:window:1.0.0] AndroidManifest.xml:25:9-27:40
34            android:name="androidx.window.extensions"
34-->[androidx.window:window:1.0.0] AndroidManifest.xml:26:13-54
35            android:required="false" />
35-->[androidx.window:window:1.0.0] AndroidManifest.xml:27:13-37
36        <uses-library
36-->[androidx.window:window:1.0.0] AndroidManifest.xml:28:9-30:40
37            android:name="androidx.window.sidecar"
37-->[androidx.window:window:1.0.0] AndroidManifest.xml:29:13-51
38            android:required="false" />
38-->[androidx.window:window:1.0.0] AndroidManifest.xml:30:13-37
39
40        <service
40-->[androidx.room:room-runtime:2.4.2] AndroidManifest.xml:25:9-28:40
41            android:name="androidx.room.MultiInstanceInvalidationService"
41-->[androidx.room:room-runtime:2.4.2] AndroidManifest.xml:26:13-74
42            android:directBootAware="true"
42-->[androidx.room:room-runtime:2.4.2] AndroidManifest.xml:27:13-43
43            android:exported="false" />
43-->[androidx.room:room-runtime:2.4.2] AndroidManifest.xml:28:13-37
44
45        <provider
45-->[androidx.emoji2:emoji2:1.0.0] AndroidManifest.xml:26:9-34:20
46            android:name="androidx.startup.InitializationProvider"
46-->[androidx.emoji2:emoji2:1.0.0] AndroidManifest.xml:27:13-67
47            android:authorities="com.example.todolist.androidx-startup"
47-->[androidx.emoji2:emoji2:1.0.0] AndroidManifest.xml:28:13-68
48            android:exported="false" >
48-->[androidx.emoji2:emoji2:1.0.0] AndroidManifest.xml:29:13-37
49            <meta-data
49-->[androidx.emoji2:emoji2:1.0.0] AndroidManifest.xml:31:13-33:52
50                android:name="androidx.emoji2.text.EmojiCompatInitializer"
50-->[androidx.emoji2:emoji2:1.0.0] AndroidManifest.xml:32:17-75
51                android:value="androidx.startup" />
51-->[androidx.emoji2:emoji2:1.0.0] AndroidManifest.xml:33:17-49
52            <meta-data
52-->[androidx.lifecycle:lifecycle-process:2.4.0] AndroidManifest.xml:31:13-33:52
53                android:name="androidx.lifecycle.ProcessLifecycleInitializer"
53-->[androidx.lifecycle:lifecycle-process:2.4.0] AndroidManifest.xml:32:17-78
54                android:value="androidx.startup" />
54-->[androidx.lifecycle:lifecycle-process:2.4.0] AndroidManifest.xml:33:17-49
55        </provider>
56    </application>
57
58</manifest>